c:\users\amer unreal pc\desktop\3drendererproject\gameengine\gameengine\x64\debug\vc143.pdb
c:\users\amer unreal pc\desktop\3drendererproject\gameengine\gameengine\x64\debug\vc143.idb
c:\users\amer unreal pc\desktop\3drendererproject\gameengine\gameengine\x64\debug\main.obj
c:\users\amer unreal pc\desktop\3drendererproject\gameengine\gameengine\x64\debug\imgui_widgets.obj
c:\users\amer unreal pc\desktop\3drendererproject\gameengine\gameengine\x64\debug\imgui_sdl.obj
c:\users\amer unreal pc\desktop\3drendererproject\gameengine\gameengine\x64\debug\imgui_draw.obj
c:\users\amer unreal pc\desktop\3drendererproject\gameengine\gameengine\x64\debug\imgui_demo.obj
c:\users\amer unreal pc\desktop\3drendererproject\gameengine\gameengine\x64\debug\imgui.obj
c:\users\amer unreal pc\desktop\3drendererproject\gameengine\gameengine\x64\debug\glm.obj
c:\users\amer unreal pc\desktop\3drendererproject\gameengine\gameengine\x64\debug\game.obj
c:\users\amer unreal pc\desktop\3drendererproject\gameengine\gameengine\x64\debug\logger.obj
c:\users\amer unreal pc\desktop\3drendererproject\gameengine\gameengine\x64\debug\ecs.obj
c:\users\amer unreal pc\desktop\3drendererproject\gameengine\gameengine\x64\debug\assetstore.obj
c:\users\amer unreal pc\desktop\3drendererproject\gameengine\gameengine\x64\debug\imgui_tables.obj
c:\users\amer unreal pc\desktop\3drendererproject\gameengine\gameengine\x64\debug\imgui_impl_sdlrenderer2.obj
c:\users\amer unreal pc\desktop\3drendererproject\gameengine\gameengine\x64\debug\imgui_impl_sdl2.obj
c:\users\amer unreal pc\desktop\3drendererproject\gameengine\x64\debug\gameengine.exe
c:\users\amer unreal pc\desktop\3drendererproject\gameengine\gameengine\x64\debug\gameengine.ilk
c:\users\amer unreal pc\desktop\3drendererproject\gameengine\x64\debug\gameengine.pdb
c:\users\amer unreal pc\desktop\3drendererproject\gameengine\gameengine\x64\debug\assetstore.nativecodeanalysis.xml
c:\users\amer unreal pc\desktop\3drendererproject\gameengine\gameengine\x64\debug\ecs.nativecodeanalysis.xml
c:\users\amer unreal pc\desktop\3drendererproject\gameengine\gameengine\x64\debug\game.nativecodeanalysis.xml
c:\users\amer unreal pc\desktop\3drendererproject\gameengine\gameengine\x64\debug\glm.nativecodeanalysis.xml
c:\users\amer unreal pc\desktop\3drendererproject\gameengine\gameengine\x64\debug\imgui.nativecodeanalysis.xml
c:\users\amer unreal pc\desktop\3drendererproject\gameengine\gameengine\x64\debug\imgui_demo.nativecodeanalysis.xml
c:\users\amer unreal pc\desktop\3drendererproject\gameengine\gameengine\x64\debug\imgui_draw.nativecodeanalysis.xml
c:\users\amer unreal pc\desktop\3drendererproject\gameengine\gameengine\x64\debug\imgui_sdl.nativecodeanalysis.xml
c:\users\amer unreal pc\desktop\3drendererproject\gameengine\gameengine\x64\debug\imgui_widgets.nativecodeanalysis.xml
c:\users\amer unreal pc\desktop\3drendererproject\gameengine\gameengine\x64\debug\logger.nativecodeanalysis.xml
c:\users\amer unreal pc\desktop\3drendererproject\gameengine\gameengine\x64\debug\main.nativecodeanalysis.xml
c:\users\amer unreal pc\desktop\3drendererproject\gameengine\gameengine\x64\debug\vc.nativecodeanalysis.all.xml
c:\users\amer unreal pc\desktop\3drendererproject\gameengine\gameengine\x64\debug\gameengine.tlog\cl.command.1.tlog
c:\users\amer unreal pc\desktop\3drendererproject\gameengine\gameengine\x64\debug\gameengine.tlog\cl.read.1.tlog
c:\users\amer unreal pc\desktop\3drendererproject\gameengine\gameengine\x64\debug\gameengine.tlog\cl.write.1.tlog
c:\users\amer unreal pc\desktop\3drendererproject\gameengine\gameengine\x64\debug\gameengine.tlog\link.50616-cvtres.read.1.tlog
c:\users\amer unreal pc\desktop\3drendererproject\gameengine\gameengine\x64\debug\gameengine.tlog\link.50616-cvtres.write.1.tlog
c:\users\amer unreal pc\desktop\3drendererproject\gameengine\gameengine\x64\debug\gameengine.tlog\link.50616-rc.read.1.tlog
c:\users\amer unreal pc\desktop\3drendererproject\gameengine\gameengine\x64\debug\gameengine.tlog\link.50616-rc.write.1.tlog
c:\users\amer unreal pc\desktop\3drendererproject\gameengine\gameengine\x64\debug\gameengine.tlog\link.50616.read.1.tlog
c:\users\amer unreal pc\desktop\3drendererproject\gameengine\gameengine\x64\debug\gameengine.tlog\link.50616.read.2.tlog
c:\users\amer unreal pc\desktop\3drendererproject\gameengine\gameengine\x64\debug\gameengine.tlog\link.50616.write.1.tlog
c:\users\amer unreal pc\desktop\3drendererproject\gameengine\gameengine\x64\debug\gameengine.tlog\link.command.1.tlog
c:\users\amer unreal pc\desktop\3drendererproject\gameengine\gameengine\x64\debug\gameengine.tlog\link.read.1.tlog
c:\users\amer unreal pc\desktop\3drendererproject\gameengine\gameengine\x64\debug\gameengine.tlog\link.write.1.tlog
